2018-07-06 17:01:30.809 INFO  com.feiduyang.Application Line:50  - Starting Application on DESKTOP-J0KBO43 with PID 2192 (F:\myWork\feiduyang-Java\feiduyang-pay\target\classes started by de'l'l in F:\myWork\feiduyang-Java)
2018-07-06 17:01:30.932 INFO  com.feiduyang.Application Line:663 - The following profiles are active: dev
2018-07-06 17:01:31.027 INFO  org.springframework.boot.web.servlet.context.AnnotationConfigServletWebServerApplicationContext Line:590 - Refreshing org.springframework.boot.web.servlet.context.AnnotationConfigServletWebServerApplicationContext@5f3b9c57: startup date [Fri Jul 06 17:01:31 CST 2018]; root of context hierarchy
2018-07-06 17:01:34.668 INFO  org.springframework.beans.factory.xml.XmlBeanDefinitionReader Line:316 - Loading XML bean definitions from class path resource [spring-context-dubbo.xml]
2018-07-06 17:01:35.264 INFO  org.springframework.data.repository.config.RepositoryConfigurationDelegate Line:163 - Multiple Spring Data modules found, entering strict repository configuration mode!
2018-07-06 17:01:35.911 INFO  org.springframework.context.support.PostProcessorRegistrationDelegate$BeanPostProcessorChecker Line:328 - Bean 'org.springframework.transaction.annotation.ProxyTransactionManagementConfiguration' of type [org.springframework.transaction.annotation.ProxyTransactionManagementConfiguration$$EnhancerBySpringCGLIB$$c6735bce] is not eligible for getting processed by all BeanPostProcessors (for example: not eligible for auto-proxying)
2018-07-06 17:01:36.381 INFO  org.springframework.boot.web.embedded.tomcat.TomcatWebServer Line:91  - Tomcat initialized with port(s): 8081 (http)
2018-07-06 17:01:36.409 INFO  org.apache.catalina.core.StandardService Line:180 - Starting service [Tomcat]
2018-07-06 17:01:36.410 INFO  org.apache.catalina.core.StandardEngine Line:180 - Starting Servlet Engine: Apache Tomcat/8.5.29
2018-07-06 17:01:36.421 INFO  org.apache.catalina.core.AprLifecycleListener Line:180 - The APR based Apache Tomcat Native library which allows optimal performance in production environments was not found on the java.library.path: [C:\Program Files\Java\jdk1.8.0_162\bin;C:\Windows\Sun\Java\bin;C:\Windows\system32;C:\Windows;C:\Program Files (x86)\Intel\iCLS Client\;C:\Program Files (x86)\Common Files\Oracle\Java\javapath;C:\ProgramData\Oracle\Java\javapath;C:\Program Files\Intel\iCLS Client\;C:\Windows\system32;C:\Windows;C:\Windows\System32\Wbem;C:\Windows\System32\WindowsPowerShell\v1.0\;C:\Program Files (x86)\NVIDIA Corporation\PhysX\Common;C:\Program Files\Git\cmd;C:\Program Files\Java\jdk1.8.0_162\bin;C:\Program Files\Java\jdk1.8.0_162\jre\bin;D:\developTool\apache-maven-3.5.3\bin;C:\Program Files\nodejs\;C:\Program Files (x86)\Intel\Intel(R) Management Engine Components\DAL;C:\Program Files\Intel\Intel(R) Management Engine Components\DAL;C:\Program Files (x86)\Intel\Intel(R) Management Engine Components\IPT;C:\Program Files\Intel\Intel(R) Management Engine Components\IPT;C:\Users\de'l'l\AppData\Local\Programs\Python\Python36-32\Scripts\;C:\Users\de'l'l\AppData\Local\Programs\Python\Python36-32\;C:\Users\de'l'l\AppData\Local\Microsoft\WindowsApps;C:\Users\de'l'l\AppData\Roaming\npm;C:\Program Files\Microsoft VS Code\bin;.]
2018-07-06 17:01:36.621 INFO  org.apache.catalina.core.ContainerBase.[Tomcat].[localhost].[/] Line:180 - Initializing Spring embedded WebApplicationContext
2018-07-06 17:01:36.622 INFO  org.springframework.web.context.ContextLoader Line:285 - Root WebApplicationContext: initialization completed in 5596 ms
2018-07-06 17:01:36.853 INFO  org.springframework.boot.web.servlet.ServletRegistrationBean Line:185 - Servlet dispatcherServlet mapped to [/]
2018-07-06 17:01:36.865 INFO  org.springframework.boot.web.servlet.FilterRegistrationBean Line:244 - Mapping filter: 'characterEncodingFilter' to: [/*]
2018-07-06 17:01:36.866 INFO  org.springframework.boot.web.servlet.FilterRegistrationBean Line:244 - Mapping filter: 'hiddenHttpMethodFilter' to: [/*]
2018-07-06 17:01:36.867 INFO  org.springframework.boot.web.servlet.FilterRegistrationBean Line:244 - Mapping filter: 'httpPutFormContentFilter' to: [/*]
2018-07-06 17:01:36.871 INFO  org.springframework.boot.web.servlet.FilterRegistrationBean Line:244 - Mapping filter: 'requestContextFilter' to: [/*]
2018-07-06 17:01:37.028 INFO  org.apache.catalina.core.StandardService Line:180 - Stopping service [Tomcat]
2018-07-06 17:01:37.073 INFO  org.springframework.boot.autoconfigure.logging.ConditionEvaluationReportLoggingListener Line:101 - 

Error starting ApplicationContext. To display the conditions report re-run your application with 'debug' enabled.
